0 info it worked if it ends with ok
1 verbose cli [ 'D:\\Program Files (x86)\\nodejs\\\\node.exe',
1 verbose cli   'D:\\Program Files (x86)\\nodejs\\node_modules\\npm\\bin\\npm-cli.js',
1 verbose cli   'install',
1 verbose cli   'bower-cli',
1 verbose cli   '--save' ]
2 info using npm@1.4.3
3 info using node@v0.10.26
4 verbose node symlink D:\Program Files (x86)\nodejs\\node.exe
5 warn package.json appproto@0.0.0 No description
6 warn package.json appproto@0.0.0 No repository field.
7 warn package.json appproto@0.0.0 No README data
8 warn package.json karma-requireglobal-preprocessor@0.0.0 No repository field.
9 verbose readDependencies using package.json deps
10 verbose cache add [ 'bower-cli', null ]
11 verbose cache add name=undefined spec="bower-cli" args=["bower-cli",null]
12 verbose parsed url { protocol: null,
12 verbose parsed url   slashes: null,
12 verbose parsed url   auth: null,
12 verbose parsed url   host: null,
12 verbose parsed url   port: null,
12 verbose parsed url   hostname: null,
12 verbose parsed url   hash: null,
12 verbose parsed url   search: null,
12 verbose parsed url   query: null,
12 verbose parsed url   pathname: 'bower-cli',
12 verbose parsed url   path: 'bower-cli',
12 verbose parsed url   href: 'bower-cli' }
13 silly lockFile b5fc92bc-bower-cli bower-cli
14 verbose lock bower-cli C:\Users\Anth\AppData\Roaming\npm-cache\b5fc92bc-bower-cli.lock
15 silly lockFile b5fc92bc-bower-cli bower-cli
16 silly lockFile b5fc92bc-bower-cli bower-cli
17 verbose addNamed [ 'bower-cli', '' ]
18 verbose addNamed [ null, '*' ]
19 silly lockFile 8942fdc3-bower-cli bower-cli@
20 verbose lock bower-cli@ C:\Users\Anth\AppData\Roaming\npm-cache\8942fdc3-bower-cli.lock
21 silly addNameRange { name: 'bower-cli', range: '*', hasData: false }
22 verbose url raw bower-cli
23 verbose url resolving [ 'https://registry.npmjs.org/', './bower-cli' ]
24 verbose url resolved https://registry.npmjs.org/bower-cli
25 info trying registry request attempt 1 at 21:18:40
26 http GET https://registry.npmjs.org/bower-cli
27 http 404 https://registry.npmjs.org/bower-cli
28 silly registry.get cb [ 404,
28 silly registry.get   { server: 'CouchDB/1.5.0 (Erlang OTP/R16B03)',
28 silly registry.get     'content-type': 'application/json',
28 silly registry.get     'cache-control': 'max-age=0',
28 silly registry.get     'content-length': '51',
28 silly registry.get     'accept-ranges': 'bytes',
28 silly registry.get     date: 'Fri, 15 May 2015 20:18:40 GMT',
28 silly registry.get     via: '1.1 varnish',
28 silly registry.get     age: '0',
28 silly registry.get     connection: 'keep-alive',
28 silly registry.get     'x-served-by': 'cache-ams4150-AMS',
28 silly registry.get     'x-cache': 'MISS',
28 silly registry.get     'x-cache-hits': '0',
28 silly registry.get     'x-timer': 'S1431721119.684599,VS0,VE395' } ]
29 silly lockFile 8942fdc3-bower-cli bower-cli@
30 silly lockFile 8942fdc3-bower-cli bower-cli@
31 error 404 'bower-cli' is not in the npm registry.
31 error 404 You should bug the author to publish it
31 error 404 It was specified as a dependency of 'appproto'
31 error 404
31 error 404 Note that you can also install from a
31 error 404 tarball, folder, or http url, or git url.
32 error System Windows_NT 6.2.9200
33 error command "D:\\Program Files (x86)\\nodejs\\\\node.exe" "D:\\Program Files (x86)\\nodejs\\node_modules\\npm\\bin\\npm-cli.js" "install" "bower-cli" "--save"
34 error cwd E:\Repos\YoKo
35 error node -v v0.10.26
36 error npm -v 1.4.3
37 error code E404
38 verbose exit [ 1, true ]
